2023-12-06 03:38:34,498 [INFO] - Watching for file changes with StatReloader
2023-12-06 03:39:34,755 [INFO] - C:\Users\Andres\OneDrive\Escritorio\djangoproject\core\views.py changed, reloading.
2023-12-06 03:39:37,697 [INFO] - Watching for file changes with StatReloader
2023-12-06 03:50:00,421 [INFO] - C:\Users\Andres\OneDrive\Escritorio\djangoproject\core\views.py changed, reloading.
2023-12-06 03:50:06,365 [INFO] - Watching for file changes with StatReloader
2023-12-06 03:50:15,999 [INFO] - C:\Users\Andres\OneDrive\Escritorio\djangoproject\core\views.py changed, reloading.
2023-12-06 03:50:20,356 [INFO] - Watching for file changes with StatReloader
2023-12-06 03:53:51,496 [INFO] - C:\Users\Andres\OneDrive\Escritorio\djangoproject\core\views.py changed, reloading.
2023-12-06 03:53:56,094 [INFO] - Watching for file changes with StatReloader
2023-12-06 03:56:13,444 [INFO] - C:\Users\Andres\OneDrive\Escritorio\djangoproject\mysite\settings.py changed, reloading.
2023-12-06 03:56:17,534 [INFO] - Watching for file changes with StatReloader
2023-12-06 03:57:29,474 [INFO] - C:\Users\Andres\OneDrive\Escritorio\djangoproject\core\models.py changed, reloading.
2023-12-06 03:57:31,242 [INFO] - Watching for file changes with StatReloader
2023-12-06 03:57:37,988 [INFO] - C:\Users\Andres\OneDrive\Escritorio\djangoproject\core\models.py changed, reloading.
2023-12-06 03:57:40,067 [INFO] - Watching for file changes with StatReloader
2023-12-06 03:58:02,222 [INFO] - Watching for file changes with StatReloader
2023-12-06 04:07:47,025 [INFO] - C:\Users\Andres\OneDrive\Escritorio\djangoproject\core\views.py changed, reloading.
2023-12-06 04:07:52,014 [INFO] - Watching for file changes with StatReloader
2023-12-06 04:10:08,110 [INFO] - C:\Users\Andres\OneDrive\Escritorio\djangoproject\core\views.py changed, reloading.
2023-12-06 04:10:10,360 [INFO] - Watching for file changes with StatReloader
2023-12-06 04:20:24,760 [INFO] - C:\Users\Andres\OneDrive\Escritorio\djangoproject\core\views.py changed, reloading.
2023-12-06 04:20:31,988 [INFO] - Watching for file changes with StatReloader
2023-12-06 04:24:42,927 [INFO] - C:\Users\Andres\OneDrive\Escritorio\djangoproject\core\views.py changed, reloading.
2023-12-06 04:24:45,028 [INFO] - Watching for file changes with StatReloader
2023-12-06 04:24:58,793 [INFO] - C:\Users\Andres\OneDrive\Escritorio\djangoproject\core\views.py changed, reloading.
2023-12-06 04:25:00,276 [INFO] - Watching for file changes with StatReloader
2023-12-06 04:28:55,540 [INFO] - C:\Users\Andres\OneDrive\Escritorio\djangoproject\core\views.py changed, reloading.
2023-12-06 04:28:57,558 [INFO] - Watching for file changes with StatReloader
2023-12-06 04:36:27,909 [INFO] - C:\Users\Andres\OneDrive\Escritorio\djangoproject\core\forms.py changed, reloading.
2023-12-06 04:36:29,395 [INFO] - Watching for file changes with StatReloader
2023-12-06 04:37:41,468 [INFO] - Watching for file changes with StatReloader
2023-12-06 04:42:44,667 [INFO] - C:\Users\Andres\OneDrive\Escritorio\djangoproject\core\forms.py changed, reloading.
2023-12-06 04:42:50,532 [INFO] - Watching for file changes with StatReloader
2023-12-06 04:42:54,717 [INFO] - C:\Users\Andres\OneDrive\Escritorio\djangoproject\core\forms.py changed, reloading.
2023-12-06 04:42:56,890 [INFO] - Watching for file changes with StatReloader
2023-12-06 04:44:42,129 [INFO] - C:\Users\Andres\OneDrive\Escritorio\djangoproject\core\forms.py changed, reloading.
2023-12-06 04:44:43,710 [INFO] - Watching for file changes with StatReloader
2023-12-06 10:31:21,811 [INFO] - C:\Users\Andres\OneDrive\Escritorio\djangoproject\core\forms.py changed, reloading.
2023-12-06 10:31:32,560 [INFO] - Watching for file changes with StatReloader
2023-12-06 11:04:57,587 [ERROR] - Internal Server Error: /core/create_task/
Traceback (most recent call last):
  File "C:\Users\Andres\OneDrive\Escritorio\djangoproject\venv\Lib\site-packages\django\core\handlers\exception.py", line 55, in inner
    response = get_response(request)
               ^^^^^^^^^^^^^^^^^^^^^
  File "C:\Users\Andres\OneDrive\Escritorio\djangoproject\venv\Lib\site-packages\django\core\handlers\base.py", line 197, in _get_response
    response = wrapped_callback(request, *callback_args, **callback_kwargs)
               ^^^^^^^^^^^^^^^^^^^^^^^^^^^^^^^^^^^^^^^^^^^^^^^^^^^^^^^^^^^^
  File "C:\Users\Andres\OneDrive\Escritorio\djangoproject\venv\Lib\site-packages\django\contrib\auth\decorators.py", line 23, in _wrapper_view
    return view_func(request, *args, **kwargs)
           ^^^^^^^^^^^^^^^^^^^^^^^^^^^^^^^^^^^
  File "C:\Users\Andres\OneDrive\Escritorio\djangoproject\core\views.py", line 181, in create_task
    return render(request, 'error_page.html', {'message': 'Solo los profesores pueden crear tareas.'})
           ^^^^^^^^^^^^^^^^^^^^^^^^^^^^^^^^^^^^^^^^^^^^^^^^^^^^^^^^^^^^^^^^^^^^^^^^^^^^^^^^^^^^^^^^^^^
  File "C:\Users\Andres\OneDrive\Escritorio\djangoproject\venv\Lib\site-packages\django\shortcuts.py", line 24, in render
    content = loader.render_to_string(template_name, context, request, using=using)
              ^^^^^^^^^^^^^^^^^^^^^^^^^^^^^^^^^^^^^^^^^^^^^^^^^^^^^^^^^^^^^^^^^^^^^
  File "C:\Users\Andres\OneDrive\Escritorio\djangoproject\venv\Lib\site-packages\django\template\loader.py", line 61, in render_to_string
    template = get_template(template_name, using=using)
               ^^^^^^^^^^^^^^^^^^^^^^^^^^^^^^^^^^^^^^^^
  File "C:\Users\Andres\OneDrive\Escritorio\djangoproject\venv\Lib\site-packages\django\template\loader.py", line 19, in get_template
    raise TemplateDoesNotExist(template_name, chain=chain)
django.template.exceptions.TemplateDoesNotExist: error_page.html
2023-12-06 11:05:03,407 [ERROR] - Internal Server Error: /core/create_task/
Traceback (most recent call last):
  File "C:\Users\Andres\OneDrive\Escritorio\djangoproject\venv\Lib\site-packages\django\core\handlers\exception.py", line 55, in inner
    response = get_response(request)
               ^^^^^^^^^^^^^^^^^^^^^
  File "C:\Users\Andres\OneDrive\Escritorio\djangoproject\venv\Lib\site-packages\django\core\handlers\base.py", line 197, in _get_response
    response = wrapped_callback(request, *callback_args, **callback_kwargs)
               ^^^^^^^^^^^^^^^^^^^^^^^^^^^^^^^^^^^^^^^^^^^^^^^^^^^^^^^^^^^^
  File "C:\Users\Andres\OneDrive\Escritorio\djangoproject\venv\Lib\site-packages\django\contrib\auth\decorators.py", line 23, in _wrapper_view
    return view_func(request, *args, **kwargs)
           ^^^^^^^^^^^^^^^^^^^^^^^^^^^^^^^^^^^
  File "C:\Users\Andres\OneDrive\Escritorio\djangoproject\core\views.py", line 181, in create_task
    return render(request, 'error_page.html', {'message': 'Solo los profesores pueden crear tareas.'})
           ^^^^^^^^^^^^^^^^^^^^^^^^^^^^^^^^^^^^^^^^^^^^^^^^^^^^^^^^^^^^^^^^^^^^^^^^^^^^^^^^^^^^^^^^^^^
  File "C:\Users\Andres\OneDrive\Escritorio\djangoproject\venv\Lib\site-packages\django\shortcuts.py", line 24, in render
    content = loader.render_to_string(template_name, context, request, using=using)
              ^^^^^^^^^^^^^^^^^^^^^^^^^^^^^^^^^^^^^^^^^^^^^^^^^^^^^^^^^^^^^^^^^^^^^
  File "C:\Users\Andres\OneDrive\Escritorio\djangoproject\venv\Lib\site-packages\django\template\loader.py", line 61, in render_to_string
    template = get_template(template_name, using=using)
               ^^^^^^^^^^^^^^^^^^^^^^^^^^^^^^^^^^^^^^^^
  File "C:\Users\Andres\OneDrive\Escritorio\djangoproject\venv\Lib\site-packages\django\template\loader.py", line 19, in get_template
    raise TemplateDoesNotExist(template_name, chain=chain)
django.template.exceptions.TemplateDoesNotExist: error_page.html
2023-12-06 11:07:11,768 [INFO] - C:\Users\Andres\OneDrive\Escritorio\djangoproject\core\models.py changed, reloading.
2023-12-06 11:07:22,018 [INFO] - Watching for file changes with StatReloader
2023-12-06 11:07:31,193 [INFO] - C:\Users\Andres\OneDrive\Escritorio\djangoproject\core\models.py changed, reloading.
2023-12-06 11:07:37,769 [INFO] - Watching for file changes with StatReloader
2023-12-06 11:08:29,697 [INFO] - C:\Users\Andres\OneDrive\Escritorio\djangoproject\core\models.py changed, reloading.
2023-12-06 11:08:31,835 [INFO] - Watching for file changes with StatReloader
2023-12-06 11:09:37,980 [INFO] - C:\Users\Andres\OneDrive\Escritorio\djangoproject\core\forms.py changed, reloading.
2023-12-06 11:09:39,904 [INFO] - Watching for file changes with StatReloader
2023-12-06 11:09:50,344 [INFO] - C:\Users\Andres\OneDrive\Escritorio\djangoproject\core\forms.py changed, reloading.
2023-12-06 11:09:52,372 [INFO] - Watching for file changes with StatReloader
2023-12-06 11:09:58,208 [INFO] - C:\Users\Andres\OneDrive\Escritorio\djangoproject\core\forms.py changed, reloading.
2023-12-06 11:10:01,018 [INFO] - Watching for file changes with StatReloader
2023-12-06 11:10:04,265 [INFO] - C:\Users\Andres\OneDrive\Escritorio\djangoproject\core\forms.py changed, reloading.
2023-12-06 11:10:06,009 [INFO] - Watching for file changes with StatReloader
2023-12-06 11:12:58,715 [INFO] - C:\Users\Andres\OneDrive\Escritorio\djangoproject\core\views.py changed, reloading.
2023-12-06 11:13:02,414 [INFO] - Watching for file changes with StatReloader
2023-12-06 11:13:13,373 [INFO] - C:\Users\Andres\OneDrive\Escritorio\djangoproject\core\views.py changed, reloading.
2023-12-06 11:13:15,280 [INFO] - Watching for file changes with StatReloader
2023-12-06 11:13:25,496 [INFO] - C:\Users\Andres\OneDrive\Escritorio\djangoproject\core\forms.py changed, reloading.
2023-12-06 11:13:29,465 [INFO] - Watching for file changes with StatReloader
2023-12-06 11:13:33,303 [INFO] - C:\Users\Andres\OneDrive\Escritorio\djangoproject\core\forms.py changed, reloading.
2023-12-06 11:13:36,066 [INFO] - Watching for file changes with StatReloader
2023-12-06 11:13:39,639 [INFO] - C:\Users\Andres\OneDrive\Escritorio\djangoproject\core\forms.py changed, reloading.
2023-12-06 11:13:43,222 [INFO] - Watching for file changes with StatReloader
2023-12-06 11:13:46,486 [INFO] - C:\Users\Andres\OneDrive\Escritorio\djangoproject\core\views.py changed, reloading.
2023-12-06 11:13:49,592 [INFO] - Watching for file changes with StatReloader
2023-12-06 11:17:42,761 [INFO] - C:\Users\Andres\OneDrive\Escritorio\djangoproject\core\models.py changed, reloading.
2023-12-06 11:17:44,577 [INFO] - Watching for file changes with StatReloader
2023-12-06 11:20:15,961 [INFO] - C:\Users\Andres\OneDrive\Escritorio\djangoproject\core\views.py changed, reloading.
2023-12-06 11:20:17,869 [INFO] - Watching for file changes with StatReloader
2023-12-06 11:20:55,813 [INFO] - C:\Users\Andres\OneDrive\Escritorio\djangoproject\core\views.py changed, reloading.
2023-12-06 11:20:57,392 [INFO] - Watching for file changes with StatReloader
2023-12-06 11:21:03,264 [INFO] - C:\Users\Andres\OneDrive\Escritorio\djangoproject\core\views.py changed, reloading.
2023-12-06 11:21:05,136 [INFO] - Watching for file changes with StatReloader
2023-12-06 11:21:09,691 [INFO] - C:\Users\Andres\OneDrive\Escritorio\djangoproject\core\views.py changed, reloading.
2023-12-06 11:21:12,379 [INFO] - Watching for file changes with StatReloader
2023-12-06 11:21:17,146 [INFO] - C:\Users\Andres\OneDrive\Escritorio\djangoproject\core\views.py changed, reloading.
2023-12-06 11:21:18,644 [INFO] - Watching for file changes with StatReloader
2023-12-06 11:21:59,226 [INFO] - C:\Users\Andres\OneDrive\Escritorio\djangoproject\core\views.py changed, reloading.
2023-12-06 11:22:01,554 [INFO] - Watching for file changes with StatReloader
2023-12-06 11:22:51,616 [INFO] - C:\Users\Andres\OneDrive\Escritorio\djangoproject\core\views.py changed, reloading.
2023-12-06 11:22:56,389 [INFO] - Watching for file changes with StatReloader
2023-12-06 11:23:12,128 [INFO] - C:\Users\Andres\OneDrive\Escritorio\djangoproject\core\views.py changed, reloading.
2023-12-06 11:23:14,027 [INFO] - Watching for file changes with StatReloader
2023-12-06 11:23:17,373 [INFO] - C:\Users\Andres\OneDrive\Escritorio\djangoproject\core\views.py changed, reloading.
2023-12-06 11:23:19,927 [INFO] - Watching for file changes with StatReloader
2023-12-06 11:24:04,979 [INFO] - C:\Users\Andres\OneDrive\Escritorio\djangoproject\core\views.py changed, reloading.
2023-12-06 11:24:07,787 [INFO] - Watching for file changes with StatReloader
2023-12-06 11:24:10,418 [INFO] - C:\Users\Andres\OneDrive\Escritorio\djangoproject\core\views.py changed, reloading.
2023-12-06 11:24:14,166 [INFO] - Watching for file changes with StatReloader
2023-12-06 11:24:35,000 [INFO] - C:\Users\Andres\OneDrive\Escritorio\djangoproject\core\views.py changed, reloading.
2023-12-06 11:24:37,534 [INFO] - Watching for file changes with StatReloader
2023-12-06 11:25:00,705 [INFO] - C:\Users\Andres\OneDrive\Escritorio\djangoproject\core\views.py changed, reloading.
2023-12-06 11:25:04,689 [INFO] - Watching for file changes with StatReloader
2023-12-06 11:26:03,502 [INFO] - C:\Users\Andres\OneDrive\Escritorio\djangoproject\core\views.py changed, reloading.
2023-12-06 11:26:05,603 [INFO] - Watching for file changes with StatReloader
2023-12-06 11:26:10,077 [INFO] - C:\Users\Andres\OneDrive\Escritorio\djangoproject\core\views.py changed, reloading.
2023-12-06 11:26:13,004 [INFO] - Watching for file changes with StatReloader
2023-12-06 11:26:43,461 [INFO] - C:\Users\Andres\OneDrive\Escritorio\djangoproject\core\views.py changed, reloading.
2023-12-06 11:26:45,648 [INFO] - Watching for file changes with StatReloader
2023-12-06 11:26:49,314 [INFO] - C:\Users\Andres\OneDrive\Escritorio\djangoproject\core\views.py changed, reloading.
2023-12-06 11:26:51,762 [INFO] - Watching for file changes with StatReloader
2023-12-06 11:27:11,567 [INFO] - C:\Users\Andres\OneDrive\Escritorio\djangoproject\core\views.py changed, reloading.
2023-12-06 11:27:14,813 [INFO] - Watching for file changes with StatReloader
2023-12-06 11:27:40,141 [INFO] - C:\Users\Andres\OneDrive\Escritorio\djangoproject\core\views.py changed, reloading.
2023-12-06 11:27:44,382 [INFO] - Watching for file changes with StatReloader
2023-12-06 11:27:48,132 [INFO] - C:\Users\Andres\OneDrive\Escritorio\djangoproject\core\views.py changed, reloading.
2023-12-06 11:27:51,290 [INFO] - Watching for file changes with StatReloader
2023-12-06 11:30:15,696 [INFO] - C:\Users\Andres\OneDrive\Escritorio\djangoproject\core\models.py changed, reloading.
2023-12-06 11:30:21,476 [INFO] - Watching for file changes with StatReloader
2023-12-06 11:30:29,631 [INFO] - C:\Users\Andres\OneDrive\Escritorio\djangoproject\core\models.py changed, reloading.
2023-12-06 11:30:31,297 [INFO] - Watching for file changes with StatReloader
2023-12-06 11:30:35,030 [INFO] - C:\Users\Andres\OneDrive\Escritorio\djangoproject\core\models.py changed, reloading.
2023-12-06 11:30:37,462 [INFO] - Watching for file changes with StatReloader
2023-12-06 11:31:02,633 [INFO] - C:\Users\Andres\OneDrive\Escritorio\djangoproject\core\models.py changed, reloading.
2023-12-06 11:31:05,522 [INFO] - Watching for file changes with StatReloader
2023-12-06 11:35:19,393 [INFO] - C:\Users\Andres\OneDrive\Escritorio\djangoproject\core\models.py changed, reloading.
2023-12-06 11:35:21,179 [INFO] - Watching for file changes with StatReloader
2023-12-06 11:35:24,381 [INFO] - C:\Users\Andres\OneDrive\Escritorio\djangoproject\core\models.py changed, reloading.
2023-12-06 11:35:27,157 [INFO] - Watching for file changes with StatReloader
2023-12-06 11:35:44,566 [INFO] - C:\Users\Andres\OneDrive\Escritorio\djangoproject\core\forms.py changed, reloading.
2023-12-06 11:35:46,241 [INFO] - Watching for file changes with StatReloader
2023-12-06 11:37:11,722 [INFO] - C:\Users\Andres\OneDrive\Escritorio\djangoproject\core\models.py changed, reloading.
2023-12-06 11:37:13,871 [INFO] - Watching for file changes with StatReloader
2023-12-06 11:37:20,956 [INFO] - C:\Users\Andres\OneDrive\Escritorio\djangoproject\core\models.py changed, reloading.
2023-12-06 11:37:23,887 [INFO] - Watching for file changes with StatReloader
2023-12-06 11:37:56,870 [INFO] - C:\Users\Andres\OneDrive\Escritorio\djangoproject\core\models.py changed, reloading.
2023-12-06 11:37:58,712 [INFO] - Watching for file changes with StatReloader
2023-12-06 11:38:02,645 [INFO] - C:\Users\Andres\OneDrive\Escritorio\djangoproject\core\models.py changed, reloading.
2023-12-06 11:38:04,440 [INFO] - Watching for file changes with StatReloader
2023-12-06 11:38:08,511 [INFO] - C:\Users\Andres\OneDrive\Escritorio\djangoproject\core\models.py changed, reloading.
2023-12-06 11:38:10,288 [INFO] - Watching for file changes with StatReloader
2023-12-06 11:38:13,312 [INFO] - C:\Users\Andres\OneDrive\Escritorio\djangoproject\core\models.py changed, reloading.
2023-12-06 11:38:17,242 [INFO] - Watching for file changes with StatReloader
2023-12-06 11:38:56,110 [INFO] - C:\Users\Andres\OneDrive\Escritorio\djangoproject\core\models.py changed, reloading.
2023-12-06 11:38:57,873 [INFO] - Watching for file changes with StatReloader
2023-12-06 11:39:10,380 [INFO] - C:\Users\Andres\OneDrive\Escritorio\djangoproject\core\forms.py changed, reloading.
2023-12-06 11:39:12,079 [INFO] - Watching for file changes with StatReloader
2023-12-06 11:39:15,536 [INFO] - C:\Users\Andres\OneDrive\Escritorio\djangoproject\core\forms.py changed, reloading.
2023-12-06 11:39:17,926 [INFO] - Watching for file changes with StatReloader
2023-12-06 11:39:31,354 [INFO] - C:\Users\Andres\OneDrive\Escritorio\djangoproject\core\forms.py changed, reloading.
2023-12-06 11:39:34,534 [INFO] - Watching for file changes with StatReloader
2023-12-06 11:40:37,762 [INFO] - C:\Users\Andres\OneDrive\Escritorio\djangoproject\core\views.py changed, reloading.
2023-12-06 11:40:41,609 [INFO] - Watching for file changes with StatReloader
2023-12-06 11:41:49,872 [INFO] - C:\Users\Andres\OneDrive\Escritorio\djangoproject\core\forms.py changed, reloading.
2023-12-06 11:41:51,477 [INFO] - Watching for file changes with StatReloader
2023-12-06 11:41:54,677 [INFO] - C:\Users\Andres\OneDrive\Escritorio\djangoproject\core\forms.py changed, reloading.
2023-12-06 11:41:59,082 [INFO] - Watching for file changes with StatReloader
2023-12-06 11:42:04,282 [INFO] - C:\Users\Andres\OneDrive\Escritorio\djangoproject\core\forms.py changed, reloading.
2023-12-06 11:42:08,981 [INFO] - Watching for file changes with StatReloader
2023-12-06 11:44:23,488 [INFO] - C:\Users\Andres\OneDrive\Escritorio\djangoproject\core\views.py changed, reloading.
2023-12-06 11:44:26,258 [INFO] - Watching for file changes with StatReloader
2023-12-06 11:44:30,818 [INFO] - C:\Users\Andres\OneDrive\Escritorio\djangoproject\core\views.py changed, reloading.
2023-12-06 11:44:33,016 [INFO] - Watching for file changes with StatReloader
2023-12-06 11:45:07,957 [INFO] - C:\Users\Andres\OneDrive\Escritorio\djangoproject\core\views.py changed, reloading.
2023-12-06 11:45:09,519 [INFO] - Watching for file changes with StatReloader
2023-12-06 11:45:13,591 [INFO] - C:\Users\Andres\OneDrive\Escritorio\djangoproject\core\views.py changed, reloading.
2023-12-06 11:45:15,221 [INFO] - Watching for file changes with StatReloader
2023-12-06 11:47:24,604 [INFO] - C:\Users\Andres\OneDrive\Escritorio\djangoproject\core\views.py changed, reloading.
2023-12-06 11:47:28,157 [INFO] - Watching for file changes with StatReloader
2023-12-06 12:00:26,569 [INFO] - C:\Users\Andres\OneDrive\Escritorio\djangoproject\core\forms.py changed, reloading.
2023-12-06 12:00:32,842 [INFO] - Watching for file changes with StatReloader
2023-12-06 12:00:52,447 [INFO] - C:\Users\Andres\OneDrive\Escritorio\djangoproject\core\forms.py changed, reloading.
2023-12-06 12:00:55,472 [INFO] - Watching for file changes with StatReloader
2023-12-06 12:01:33,338 [INFO] - C:\Users\Andres\OneDrive\Escritorio\djangoproject\core\views.py changed, reloading.
2023-12-06 12:01:35,439 [INFO] - Watching for file changes with StatReloader
2023-12-06 12:01:41,079 [INFO] - C:\Users\Andres\OneDrive\Escritorio\djangoproject\core\views.py changed, reloading.
2023-12-06 12:01:43,402 [INFO] - Watching for file changes with StatReloader
2023-12-06 12:02:28,318 [INFO] - C:\Users\Andres\OneDrive\Escritorio\djangoproject\core\models.py changed, reloading.
2023-12-06 12:02:32,256 [INFO] - Watching for file changes with StatReloader
2023-12-06 12:04:06,895 [INFO] - C:\Users\Andres\OneDrive\Escritorio\djangoproject\core\forms.py changed, reloading.
2023-12-06 12:04:12,293 [INFO] - Watching for file changes with StatReloader
2023-12-06 12:04:38,436 [INFO] - C:\Users\Andres\OneDrive\Escritorio\djangoproject\core\forms.py changed, reloading.
2023-12-06 12:04:41,632 [INFO] - Watching for file changes with StatReloader
2023-12-06 12:05:07,531 [INFO] - C:\Users\Andres\OneDrive\Escritorio\djangoproject\core\forms.py changed, reloading.
2023-12-06 12:05:09,987 [INFO] - Watching for file changes with StatReloader
2023-12-06 12:10:16,069 [INFO] - C:\Users\Andres\OneDrive\Escritorio\djangoproject\core\views.py changed, reloading.
2023-12-06 12:10:20,013 [INFO] - Watching for file changes with StatReloader
2023-12-06 12:10:45,360 [INFO] - C:\Users\Andres\OneDrive\Escritorio\djangoproject\core\forms.py changed, reloading.
2023-12-06 12:10:47,100 [INFO] - Watching for file changes with StatReloader
2023-12-06 12:10:50,264 [INFO] - C:\Users\Andres\OneDrive\Escritorio\djangoproject\core\forms.py changed, reloading.
2023-12-06 12:10:53,452 [INFO] - Watching for file changes with StatReloader
2023-12-06 12:11:18,049 [INFO] - C:\Users\Andres\OneDrive\Escritorio\djangoproject\core\forms.py changed, reloading.
2023-12-06 12:11:20,236 [INFO] - Watching for file changes with StatReloader
2023-12-06 12:11:48,340 [INFO] - C:\Users\Andres\OneDrive\Escritorio\djangoproject\core\forms.py changed, reloading.
2023-12-06 12:11:50,896 [INFO] - Watching for file changes with StatReloader
2023-12-06 12:13:53,212 [INFO] - C:\Users\Andres\OneDrive\Escritorio\djangoproject\core\forms.py changed, reloading.
2023-12-06 12:13:54,684 [INFO] - Watching for file changes with StatReloader
2023-12-06 12:14:36,353 [ERROR] - Internal Server Error: /core/projects/
Traceback (most recent call last):
  File "C:\Users\Andres\OneDrive\Escritorio\djangoproject\venv\Lib\site-packages\django\core\handlers\exception.py", line 55, in inner
    response = get_response(request)
               ^^^^^^^^^^^^^^^^^^^^^
  File "C:\Users\Andres\OneDrive\Escritorio\djangoproject\venv\Lib\site-packages\django\core\handlers\base.py", line 197, in _get_response
    response = wrapped_callback(request, *callback_args, **callback_kwargs)
               ^^^^^^^^^^^^^^^^^^^^^^^^^^^^^^^^^^^^^^^^^^^^^^^^^^^^^^^^^^^^
  File "C:\Users\Andres\OneDrive\Escritorio\djangoproject\venv\Lib\site-packages\django\contrib\auth\decorators.py", line 23, in _wrapper_view
    return view_func(request, *args, **kwargs)
           ^^^^^^^^^^^^^^^^^^^^^^^^^^^^^^^^^^^
  File "C:\Users\Andres\OneDrive\Escritorio\djangoproject\core\views.py", line 78, in projects
    teacher = Teacher.objects.get(user=user)
              ^^^^^^^^^^^^^^^^^^^^^^^^^^^^^^
  File "C:\Users\Andres\OneDrive\Escritorio\djangoproject\venv\Lib\site-packages\django\db\models\manager.py", line 87, in manager_method
    return getattr(self.get_queryset(), name)(*args, **kwargs)
           ^^^^^^^^^^^^^^^^^^^^^^^^^^^^^^^^^^^^^^^^^^^^^^^^^^^
  File "C:\Users\Andres\OneDrive\Escritorio\djangoproject\venv\Lib\site-packages\django\db\models\query.py", line 637, in get
    raise self.model.DoesNotExist(
core.models.Teacher.DoesNotExist: Teacher matching query does not exist.
2023-12-06 12:15:09,132 [INFO] - Watching for file changes with StatReloader
2023-12-06 12:22:27,327 [ERROR] - Internal Server Error: /core/projects/
Traceback (most recent call last):
  File "C:\Users\Andres\OneDrive\Escritorio\djangoproject\venv\Lib\site-packages\django\core\handlers\exception.py", line 55, in inner
    response = get_response(request)
               ^^^^^^^^^^^^^^^^^^^^^
  File "C:\Users\Andres\OneDrive\Escritorio\djangoproject\venv\Lib\site-packages\django\core\handlers\base.py", line 197, in _get_response
    response = wrapped_callback(request, *callback_args, **callback_kwargs)
               ^^^^^^^^^^^^^^^^^^^^^^^^^^^^^^^^^^^^^^^^^^^^^^^^^^^^^^^^^^^^
  File "C:\Users\Andres\OneDrive\Escritorio\djangoproject\venv\Lib\site-packages\django\contrib\auth\decorators.py", line 23, in _wrapper_view
    return view_func(request, *args, **kwargs)
           ^^^^^^^^^^^^^^^^^^^^^^^^^^^^^^^^^^^
  File "C:\Users\Andres\OneDrive\Escritorio\djangoproject\core\views.py", line 81, in projects
    student = Student.objects.get(user=user)
              ^^^^^^^^^^^^^^^^^^^^^^^^^^^^^^
  File "C:\Users\Andres\OneDrive\Escritorio\djangoproject\venv\Lib\site-packages\django\db\models\manager.py", line 87, in manager_method
    return getattr(self.get_queryset(), name)(*args, **kwargs)
           ^^^^^^^^^^^^^^^^^^^^^^^^^^^^^^^^^^^^^^^^^^^^^^^^^^^
  File "C:\Users\Andres\OneDrive\Escritorio\djangoproject\venv\Lib\site-packages\django\db\models\query.py", line 637, in get
    raise self.model.DoesNotExist(
core.models.Student.DoesNotExist: Student matching query does not exist.
2023-12-06 12:22:34,507 [ERROR] - Internal Server Error: /core/create_task/
Traceback (most recent call last):
  File "C:\Users\Andres\OneDrive\Escritorio\djangoproject\venv\Lib\site-packages\django\core\handlers\exception.py", line 55, in inner
    response = get_response(request)
               ^^^^^^^^^^^^^^^^^^^^^
  File "C:\Users\Andres\OneDrive\Escritorio\djangoproject\venv\Lib\site-packages\django\core\handlers\base.py", line 197, in _get_response
    response = wrapped_callback(request, *callback_args, **callback_kwargs)
               ^^^^^^^^^^^^^^^^^^^^^^^^^^^^^^^^^^^^^^^^^^^^^^^^^^^^^^^^^^^^
  File "C:\Users\Andres\OneDrive\Escritorio\djangoproject\venv\Lib\site-packages\django\contrib\auth\decorators.py", line 23, in _wrapper_view
    return view_func(request, *args, **kwargs)
           ^^^^^^^^^^^^^^^^^^^^^^^^^^^^^^^^^^^
  File "C:\Users\Andres\OneDrive\Escritorio\djangoproject\core\views.py", line 132, in create_task
    return render(request, 'error_page.html', {'message': 'Solo los profesores pueden crear tareas.'})
           ^^^^^^^^^^^^^^^^^^^^^^^^^^^^^^^^^^^^^^^^^^^^^^^^^^^^^^^^^^^^^^^^^^^^^^^^^^^^^^^^^^^^^^^^^^^
  File "C:\Users\Andres\OneDrive\Escritorio\djangoproject\venv\Lib\site-packages\django\shortcuts.py", line 24, in render
    content = loader.render_to_string(template_name, context, request, using=using)
              ^^^^^^^^^^^^^^^^^^^^^^^^^^^^^^^^^^^^^^^^^^^^^^^^^^^^^^^^^^^^^^^^^^^^^
  File "C:\Users\Andres\OneDrive\Escritorio\djangoproject\venv\Lib\site-packages\django\template\loader.py", line 61, in render_to_string
    template = get_template(template_name, using=using)
               ^^^^^^^^^^^^^^^^^^^^^^^^^^^^^^^^^^^^^^^^
  File "C:\Users\Andres\OneDrive\Escritorio\djangoproject\venv\Lib\site-packages\django\template\loader.py", line 19, in get_template
    raise TemplateDoesNotExist(template_name, chain=chain)
django.template.exceptions.TemplateDoesNotExist: error_page.html
2023-12-06 12:26:06,978 [WARNING] - Not Found: /accounts/login/
2023-12-06 12:27:28,248 [ERROR] - Internal Server Error: /core/projects/
Traceback (most recent call last):
  File "C:\Users\Andres\OneDrive\Escritorio\djangoproject\venv\Lib\site-packages\django\core\handlers\exception.py", line 55, in inner
    response = get_response(request)
               ^^^^^^^^^^^^^^^^^^^^^
  File "C:\Users\Andres\OneDrive\Escritorio\djangoproject\venv\Lib\site-packages\django\core\handlers\base.py", line 197, in _get_response
    response = wrapped_callback(request, *callback_args, **callback_kwargs)
               ^^^^^^^^^^^^^^^^^^^^^^^^^^^^^^^^^^^^^^^^^^^^^^^^^^^^^^^^^^^^
  File "C:\Users\Andres\OneDrive\Escritorio\djangoproject\venv\Lib\site-packages\django\contrib\auth\decorators.py", line 23, in _wrapper_view
    return view_func(request, *args, **kwargs)
           ^^^^^^^^^^^^^^^^^^^^^^^^^^^^^^^^^^^
  File "C:\Users\Andres\OneDrive\Escritorio\djangoproject\core\views.py", line 81, in projects
    student = Student.objects.get(user=user)
              ^^^^^^^^^^^^^^^^^^^^^^^^^^^^^^
  File "C:\Users\Andres\OneDrive\Escritorio\djangoproject\venv\Lib\site-packages\django\db\models\manager.py", line 87, in manager_method
    return getattr(self.get_queryset(), name)(*args, **kwargs)
           ^^^^^^^^^^^^^^^^^^^^^^^^^^^^^^^^^^^^^^^^^^^^^^^^^^^
  File "C:\Users\Andres\OneDrive\Escritorio\djangoproject\venv\Lib\site-packages\django\db\models\query.py", line 637, in get
    raise self.model.DoesNotExist(
core.models.Student.DoesNotExist: Student matching query does not exist.
2023-12-06 12:27:33,512 [ERROR] - Internal Server Error: /core/create_task/
Traceback (most recent call last):
  File "C:\Users\Andres\OneDrive\Escritorio\djangoproject\venv\Lib\site-packages\django\core\handlers\exception.py", line 55, in inner
    response = get_response(request)
               ^^^^^^^^^^^^^^^^^^^^^
  File "C:\Users\Andres\OneDrive\Escritorio\djangoproject\venv\Lib\site-packages\django\core\handlers\base.py", line 197, in _get_response
    response = wrapped_callback(request, *callback_args, **callback_kwargs)
               ^^^^^^^^^^^^^^^^^^^^^^^^^^^^^^^^^^^^^^^^^^^^^^^^^^^^^^^^^^^^
  File "C:\Users\Andres\OneDrive\Escritorio\djangoproject\venv\Lib\site-packages\django\contrib\auth\decorators.py", line 23, in _wrapper_view
    return view_func(request, *args, **kwargs)
           ^^^^^^^^^^^^^^^^^^^^^^^^^^^^^^^^^^^
  File "C:\Users\Andres\OneDrive\Escritorio\djangoproject\core\views.py", line 132, in create_task
    return render(request, 'error_page.html', {'message': 'Solo los profesores pueden crear tareas.'})
           ^^^^^^^^^^^^^^^^^^^^^^^^^^^^^^^^^^^^^^^^^^^^^^^^^^^^^^^^^^^^^^^^^^^^^^^^^^^^^^^^^^^^^^^^^^^
  File "C:\Users\Andres\OneDrive\Escritorio\djangoproject\venv\Lib\site-packages\django\shortcuts.py", line 24, in render
    content = loader.render_to_string(template_name, context, request, using=using)
              ^^^^^^^^^^^^^^^^^^^^^^^^^^^^^^^^^^^^^^^^^^^^^^^^^^^^^^^^^^^^^^^^^^^^^
  File "C:\Users\Andres\OneDrive\Escritorio\djangoproject\venv\Lib\site-packages\django\template\loader.py", line 61, in render_to_string
    template = get_template(template_name, using=using)
               ^^^^^^^^^^^^^^^^^^^^^^^^^^^^^^^^^^^^^^^^
  File "C:\Users\Andres\OneDrive\Escritorio\djangoproject\venv\Lib\site-packages\django\template\loader.py", line 19, in get_template
    raise TemplateDoesNotExist(template_name, chain=chain)
django.template.exceptions.TemplateDoesNotExist: error_page.html
2023-12-06 12:27:36,641 [ERROR] - Internal Server Error: /core/projects/
Traceback (most recent call last):
  File "C:\Users\Andres\OneDrive\Escritorio\djangoproject\venv\Lib\site-packages\django\core\handlers\exception.py", line 55, in inner
    response = get_response(request)
               ^^^^^^^^^^^^^^^^^^^^^
  File "C:\Users\Andres\OneDrive\Escritorio\djangoproject\venv\Lib\site-packages\django\core\handlers\base.py", line 197, in _get_response
    response = wrapped_callback(request, *callback_args, **callback_kwargs)
               ^^^^^^^^^^^^^^^^^^^^^^^^^^^^^^^^^^^^^^^^^^^^^^^^^^^^^^^^^^^^
  File "C:\Users\Andres\OneDrive\Escritorio\djangoproject\venv\Lib\site-packages\django\contrib\auth\decorators.py", line 23, in _wrapper_view
    return view_func(request, *args, **kwargs)
           ^^^^^^^^^^^^^^^^^^^^^^^^^^^^^^^^^^^
  File "C:\Users\Andres\OneDrive\Escritorio\djangoproject\core\views.py", line 81, in projects
    student = Student.objects.get(user=user)
              ^^^^^^^^^^^^^^^^^^^^^^^^^^^^^^
  File "C:\Users\Andres\OneDrive\Escritorio\djangoproject\venv\Lib\site-packages\django\db\models\manager.py", line 87, in manager_method
    return getattr(self.get_queryset(), name)(*args, **kwargs)
           ^^^^^^^^^^^^^^^^^^^^^^^^^^^^^^^^^^^^^^^^^^^^^^^^^^^
  File "C:\Users\Andres\OneDrive\Escritorio\djangoproject\venv\Lib\site-packages\django\db\models\query.py", line 637, in get
    raise self.model.DoesNotExist(
core.models.Student.DoesNotExist: Student matching query does not exist.
2023-12-06 12:27:39,674 [ERROR] - Internal Server Error: /core/projects/
Traceback (most recent call last):
  File "C:\Users\Andres\OneDrive\Escritorio\djangoproject\venv\Lib\site-packages\django\core\handlers\exception.py", line 55, in inner
    response = get_response(request)
               ^^^^^^^^^^^^^^^^^^^^^
  File "C:\Users\Andres\OneDrive\Escritorio\djangoproject\venv\Lib\site-packages\django\core\handlers\base.py", line 197, in _get_response
    response = wrapped_callback(request, *callback_args, **callback_kwargs)
               ^^^^^^^^^^^^^^^^^^^^^^^^^^^^^^^^^^^^^^^^^^^^^^^^^^^^^^^^^^^^
  File "C:\Users\Andres\OneDrive\Escritorio\djangoproject\venv\Lib\site-packages\django\contrib\auth\decorators.py", line 23, in _wrapper_view
    return view_func(request, *args, **kwargs)
           ^^^^^^^^^^^^^^^^^^^^^^^^^^^^^^^^^^^
  File "C:\Users\Andres\OneDrive\Escritorio\djangoproject\core\views.py", line 81, in projects
    student = Student.objects.get(user=user)
              ^^^^^^^^^^^^^^^^^^^^^^^^^^^^^^
  File "C:\Users\Andres\OneDrive\Escritorio\djangoproject\venv\Lib\site-packages\django\db\models\manager.py", line 87, in manager_method
    return getattr(self.get_queryset(), name)(*args, **kwargs)
           ^^^^^^^^^^^^^^^^^^^^^^^^^^^^^^^^^^^^^^^^^^^^^^^^^^^
  File "C:\Users\Andres\OneDrive\Escritorio\djangoproject\venv\Lib\site-packages\django\db\models\query.py", line 637, in get
    raise self.model.DoesNotExist(
core.models.Student.DoesNotExist: Student matching query does not exist.
2023-12-06 12:27:46,695 [ERROR] - Internal Server Error: /core/projects/
Traceback (most recent call last):
  File "C:\Users\Andres\OneDrive\Escritorio\djangoproject\venv\Lib\site-packages\django\core\handlers\exception.py", line 55, in inner
    response = get_response(request)
               ^^^^^^^^^^^^^^^^^^^^^
  File "C:\Users\Andres\OneDrive\Escritorio\djangoproject\venv\Lib\site-packages\django\core\handlers\base.py", line 197, in _get_response
    response = wrapped_callback(request, *callback_args, **callback_kwargs)
               ^^^^^^^^^^^^^^^^^^^^^^^^^^^^^^^^^^^^^^^^^^^^^^^^^^^^^^^^^^^^
  File "C:\Users\Andres\OneDrive\Escritorio\djangoproject\venv\Lib\site-packages\django\contrib\auth\decorators.py", line 23, in _wrapper_view
    return view_func(request, *args, **kwargs)
           ^^^^^^^^^^^^^^^^^^^^^^^^^^^^^^^^^^^
  File "C:\Users\Andres\OneDrive\Escritorio\djangoproject\core\views.py", line 81, in projects
    student = Student.objects.get(user=user)
              ^^^^^^^^^^^^^^^^^^^^^^^^^^^^^^
  File "C:\Users\Andres\OneDrive\Escritorio\djangoproject\venv\Lib\site-packages\django\db\models\manager.py", line 87, in manager_method
    return getattr(self.get_queryset(), name)(*args, **kwargs)
           ^^^^^^^^^^^^^^^^^^^^^^^^^^^^^^^^^^^^^^^^^^^^^^^^^^^
  File "C:\Users\Andres\OneDrive\Escritorio\djangoproject\venv\Lib\site-packages\django\db\models\query.py", line 637, in get
    raise self.model.DoesNotExist(
core.models.Student.DoesNotExist: Student matching query does not exist.
2023-12-06 12:30:55,634 [INFO] - C:\Users\Andres\OneDrive\Escritorio\djangoproject\core\views.py changed, reloading.
2023-12-06 12:31:00,197 [INFO] - Watching for file changes with StatReloader
2023-12-06 12:34:28,959 [INFO] - C:\Users\Andres\OneDrive\Escritorio\djangoproject\core\forms.py changed, reloading.
2023-12-06 12:34:30,911 [INFO] - Watching for file changes with StatReloader
2023-12-06 12:34:36,148 [INFO] - C:\Users\Andres\OneDrive\Escritorio\djangoproject\core\forms.py changed, reloading.
2023-12-06 12:34:42,972 [INFO] - Watching for file changes with StatReloader
2023-12-06 12:35:24,018 [WARNING] - Not Found: /accounts/login/
2023-12-06 12:35:26,120 [WARNING] - Not Found: /accounts/login/
2023-12-06 12:36:47,802 [ERROR] - Internal Server Error: /core/create_task/
Traceback (most recent call last):
  File "C:\Users\Andres\OneDrive\Escritorio\djangoproject\venv\Lib\site-packages\django\core\handlers\exception.py", line 55, in inner
    response = get_response(request)
               ^^^^^^^^^^^^^^^^^^^^^
  File "C:\Users\Andres\OneDrive\Escritorio\djangoproject\venv\Lib\site-packages\django\core\handlers\base.py", line 197, in _get_response
    response = wrapped_callback(request, *callback_args, **callback_kwargs)
               ^^^^^^^^^^^^^^^^^^^^^^^^^^^^^^^^^^^^^^^^^^^^^^^^^^^^^^^^^^^^
  File "C:\Users\Andres\OneDrive\Escritorio\djangoproject\venv\Lib\site-packages\django\contrib\auth\decorators.py", line 23, in _wrapper_view
    return view_func(request, *args, **kwargs)
           ^^^^^^^^^^^^^^^^^^^^^^^^^^^^^^^^^^^
  File "C:\Users\Andres\OneDrive\Escritorio\djangoproject\core\views.py", line 132, in create_task
    return render(request, 'error_page.html', {'message': 'Solo los profesores pueden crear tareas.'})
           ^^^^^^^^^^^^^^^^^^^^^^^^^^^^^^^^^^^^^^^^^^^^^^^^^^^^^^^^^^^^^^^^^^^^^^^^^^^^^^^^^^^^^^^^^^^
  File "C:\Users\Andres\OneDrive\Escritorio\djangoproject\venv\Lib\site-packages\django\shortcuts.py", line 24, in render
    content = loader.render_to_string(template_name, context, request, using=using)
              ^^^^^^^^^^^^^^^^^^^^^^^^^^^^^^^^^^^^^^^^^^^^^^^^^^^^^^^^^^^^^^^^^^^^^
  File "C:\Users\Andres\OneDrive\Escritorio\djangoproject\venv\Lib\site-packages\django\template\loader.py", line 61, in render_to_string
    template = get_template(template_name, using=using)
               ^^^^^^^^^^^^^^^^^^^^^^^^^^^^^^^^^^^^^^^^
  File "C:\Users\Andres\OneDrive\Escritorio\djangoproject\venv\Lib\site-packages\django\template\loader.py", line 19, in get_template
    raise TemplateDoesNotExist(template_name, chain=chain)
django.template.exceptions.TemplateDoesNotExist: error_page.html
2023-12-06 12:37:40,843 [INFO] - C:\Users\Andres\OneDrive\Escritorio\djangoproject\core\forms.py changed, reloading.
2023-12-06 12:37:44,088 [INFO] - Watching for file changes with StatReloader
2023-12-06 12:37:47,535 [INFO] - C:\Users\Andres\OneDrive\Escritorio\djangoproject\core\models.py changed, reloading.
2023-12-06 12:37:49,173 [INFO] - Watching for file changes with StatReloader
2023-12-06 12:39:49,391 [INFO] - C:\Users\Andres\OneDrive\Escritorio\djangoproject\core\views.py changed, reloading.
2023-12-06 12:39:52,900 [INFO] - Watching for file changes with StatReloader
2023-12-06 12:50:12,298 [INFO] - C:\Users\Andres\OneDrive\Escritorio\djangoproject\core\models.py changed, reloading.
2023-12-06 12:50:18,449 [INFO] - Watching for file changes with StatReloader
2023-12-06 12:50:46,927 [INFO] - C:\Users\Andres\OneDrive\Escritorio\djangoproject\core\forms.py changed, reloading.
2023-12-06 12:50:49,553 [INFO] - Watching for file changes with StatReloader
2023-12-06 12:59:07,363 [INFO] - C:\Users\Andres\OneDrive\Escritorio\djangoproject\core\forms.py changed, reloading.
2023-12-06 12:59:25,319 [INFO] - Watching for file changes with StatReloader
2023-12-06 13:01:12,204 [INFO] - C:\Users\Andres\OneDrive\Escritorio\djangoproject\core\forms.py changed, reloading.
2023-12-06 13:01:14,123 [INFO] - Watching for file changes with StatReloader
2023-12-06 13:01:19,177 [INFO] - C:\Users\Andres\OneDrive\Escritorio\djangoproject\core\forms.py changed, reloading.
2023-12-06 13:01:23,829 [INFO] - Watching for file changes with StatReloader
2023-12-06 13:01:25,914 [INFO] - C:\Users\Andres\OneDrive\Escritorio\djangoproject\core\forms.py changed, reloading.
2023-12-06 13:01:32,667 [INFO] - Watching for file changes with StatReloader
2023-12-06 13:01:39,559 [INFO] - C:\Users\Andres\OneDrive\Escritorio\djangoproject\core\forms.py changed, reloading.
2023-12-06 13:01:41,563 [INFO] - Watching for file changes with StatReloader
2023-12-06 13:01:43,758 [INFO] - C:\Users\Andres\OneDrive\Escritorio\djangoproject\core\forms.py changed, reloading.
2023-12-06 13:01:46,612 [INFO] - Watching for file changes with StatReloader
2023-12-06 13:08:21,754 [INFO] - C:\Users\Andres\OneDrive\Escritorio\djangoproject\core\backends.py changed, reloading.
2023-12-06 13:08:26,281 [INFO] - Watching for file changes with StatReloader
2023-12-06 13:10:08,308 [INFO] - Watching for file changes with StatReloader
2023-12-06 13:12:21,231 [INFO] - Watching for file changes with StatReloader
2023-12-06 13:17:19,573 [INFO] - C:\Users\Andres\OneDrive\Escritorio\djangoproject\core\views.py changed, reloading.
2023-12-06 13:17:22,923 [INFO] - Watching for file changes with StatReloader
2023-12-06 13:17:29,206 [INFO] - C:\Users\Andres\OneDrive\Escritorio\djangoproject\core\views.py changed, reloading.
2023-12-06 13:17:31,057 [INFO] - Watching for file changes with StatReloader
2023-12-06 13:26:43,247 [INFO] - C:\Users\Andres\OneDrive\Escritorio\djangoproject\core\backends.py changed, reloading.
2023-12-06 13:26:45,684 [INFO] - Watching for file changes with StatReloader
2023-12-06 13:31:51,577 [INFO] - C:\Users\Andres\OneDrive\Escritorio\djangoproject\core\backends.py changed, reloading.
2023-12-06 13:31:53,742 [INFO] - Watching for file changes with StatReloader
2023-12-06 13:35:20,704 [INFO] - C:\Users\Andres\OneDrive\Escritorio\djangoproject\core\backends.py changed, reloading.
2023-12-06 13:35:24,993 [INFO] - Watching for file changes with StatReloader
2023-12-06 14:07:20,656 [INFO] - C:\Users\Andres\OneDrive\Escritorio\djangoproject\core\views.py changed, reloading.
2023-12-06 14:07:37,714 [INFO] - Watching for file changes with StatReloader
2023-12-06 14:08:14,565 [INFO] - C:\Users\Andres\OneDrive\Escritorio\djangoproject\core\views.py changed, reloading.
2023-12-06 14:08:16,345 [INFO] - Watching for file changes with StatReloader
2023-12-06 14:08:24,926 [INFO] - C:\Users\Andres\OneDrive\Escritorio\djangoproject\core\views.py changed, reloading.
2023-12-06 14:08:27,826 [INFO] - Watching for file changes with StatReloader
2023-12-06 14:09:16,631 [INFO] - C:\Users\Andres\OneDrive\Escritorio\djangoproject\core\models.py changed, reloading.
2023-12-06 14:09:21,088 [INFO] - Watching for file changes with StatReloader
2023-12-06 14:09:42,058 [INFO] - C:\Users\Andres\OneDrive\Escritorio\djangoproject\core\forms.py changed, reloading.
2023-12-06 14:09:43,567 [INFO] - Watching for file changes with StatReloader
2023-12-06 14:11:06,596 [INFO] - Watching for file changes with StatReloader
2023-12-06 16:05:11,840 [INFO] - C:\Users\Andres\OneDrive\Escritorio\djangoproject\core\backends.py changed, reloading.
2023-12-06 16:05:32,546 [INFO] - Watching for file changes with StatReloader
2023-12-06 16:11:12,579 [INFO] - C:\Users\Andres\OneDrive\Escritorio\djangoproject\core\forms.py changed, reloading.
2023-12-06 16:11:17,577 [INFO] - Watching for file changes with StatReloader
2023-12-06 16:12:27,454 [ERROR] - Internal Server Error: /core/create_task/
Traceback (most recent call last):
  File "C:\Users\Andres\OneDrive\Escritorio\djangoproject\venv\Lib\site-packages\django\core\handlers\exception.py", line 55, in inner
    response = get_response(request)
               ^^^^^^^^^^^^^^^^^^^^^
  File "C:\Users\Andres\OneDrive\Escritorio\djangoproject\venv\Lib\site-packages\django\core\handlers\base.py", line 197, in _get_response
    response = wrapped_callback(request, *callback_args, **callback_kwargs)
               ^^^^^^^^^^^^^^^^^^^^^^^^^^^^^^^^^^^^^^^^^^^^^^^^^^^^^^^^^^^^
  File "C:\Users\Andres\OneDrive\Escritorio\djangoproject\venv\Lib\site-packages\django\contrib\auth\decorators.py", line 23, in _wrapper_view
    return view_func(request, *args, **kwargs)
           ^^^^^^^^^^^^^^^^^^^^^^^^^^^^^^^^^^^
  File "C:\Users\Andres\OneDrive\Escritorio\djangoproject\core\views.py", line 134, in create_task
    return render(request, 'error_page.html', {'message': 'Solo los profesores pueden crear tareas.'})
           ^^^^^^^^^^^^^^^^^^^^^^^^^^^^^^^^^^^^^^^^^^^^^^^^^^^^^^^^^^^^^^^^^^^^^^^^^^^^^^^^^^^^^^^^^^^
  File "C:\Users\Andres\OneDrive\Escritorio\djangoproject\venv\Lib\site-packages\django\shortcuts.py", line 24, in render
    content = loader.render_to_string(template_name, context, request, using=using)
              ^^^^^^^^^^^^^^^^^^^^^^^^^^^^^^^^^^^^^^^^^^^^^^^^^^^^^^^^^^^^^^^^^^^^^
  File "C:\Users\Andres\OneDrive\Escritorio\djangoproject\venv\Lib\site-packages\django\template\loader.py", line 61, in render_to_string
    template = get_template(template_name, using=using)
               ^^^^^^^^^^^^^^^^^^^^^^^^^^^^^^^^^^^^^^^^
  File "C:\Users\Andres\OneDrive\Escritorio\djangoproject\venv\Lib\site-packages\django\template\loader.py", line 19, in get_template
    raise TemplateDoesNotExist(template_name, chain=chain)
django.template.exceptions.TemplateDoesNotExist: error_page.html
2023-12-06 16:27:07,317 [INFO] - C:\Users\Andres\OneDrive\Escritorio\djangoproject\core\views.py changed, reloading.
2023-12-06 16:27:29,379 [INFO] - Watching for file changes with StatReloader
2023-12-06 16:54:16,444 [INFO] - C:\Users\Andres\OneDrive\Escritorio\djangoproject\core\views.py changed, reloading.
2023-12-06 16:54:27,127 [INFO] - Watching for file changes with StatReloader
2023-12-06 16:54:58,607 [INFO] - C:\Users\Andres\OneDrive\Escritorio\djangoproject\core\forms.py changed, reloading.
2023-12-06 16:55:00,612 [INFO] - Watching for file changes with StatReloader
2023-12-06 16:55:04,392 [INFO] - C:\Users\Andres\OneDrive\Escritorio\djangoproject\core\forms.py changed, reloading.
2023-12-06 16:55:07,231 [INFO] - Watching for file changes with StatReloader
2023-12-06 17:02:11,769 [INFO] - C:\Users\Andres\OneDrive\Escritorio\djangoproject\core\models.py changed, reloading.
2023-12-06 17:02:31,132 [INFO] - Watching for file changes with StatReloader
2023-12-06 17:03:03,580 [INFO] - C:\Users\Andres\OneDrive\Escritorio\djangoproject\core\admin.py changed, reloading.
2023-12-06 17:03:09,369 [INFO] - Watching for file changes with StatReloader
2023-12-06 17:03:12,597 [INFO] - C:\Users\Andres\OneDrive\Escritorio\djangoproject\core\admin.py changed, reloading.
2023-12-06 17:03:17,348 [INFO] - Watching for file changes with StatReloader
2023-12-06 17:03:21,015 [INFO] - C:\Users\Andres\OneDrive\Escritorio\djangoproject\core\admin.py changed, reloading.
2023-12-06 17:03:30,435 [INFO] - Watching for file changes with StatReloader
